[2021-12-20 22:03:12] [INFO] Platform is Windows
[2021-12-20 22:03:12] [INFO] Architecture is x64
[2021-12-20 22:03:12] [INFO] Output directory is export/debug/vanilla/x64
[2021-12-20 22:03:12] [INFO] Discord integration is enabled, adding libraries.
[2021-12-20 22:03:12] [INFO] WEBM integration is enabled, adding DESKTOP libraries.
[2021-12-20 22:03:12] [INFO] Lua Modchart integration is enabled, adding libraries.
[2021-12-20 22:03:12] [INFO] NOTICE: Including assets alongside executable...
[2021-12-20 22:03:12] [INFO] NOTICE: Including default weeks...
[2021-12-20 22:03:17] [INFO] Platform is Windows
[2021-12-20 22:03:17] [INFO] Architecture is x64
[2021-12-20 22:03:17] [INFO] Output directory is export/debug/vanilla/x64
[2021-12-20 22:03:17] [INFO] Discord integration is enabled, adding libraries.
[2021-12-20 22:03:17] [INFO] WEBM integration is enabled, adding DESKTOP libraries.
[2021-12-20 22:03:17] [INFO] Lua Modchart integration is enabled, adding libraries.
[2021-12-20 22:03:17] [INFO] NOTICE: Including assets alongside executable...
[2021-12-20 22:03:17] [INFO] NOTICE: Including default weeks...
[2021-12-20 22:03:53] [INFO] Platform is Windows
[2021-12-20 22:03:53] [INFO] Architecture is x64
[2021-12-20 22:03:53] [INFO] Output directory is export/debug/vanilla/x64
[2021-12-20 22:03:53] [INFO] Discord integration is enabled, adding libraries.
[2021-12-20 22:03:53] [INFO] WEBM integration is enabled, adding DESKTOP libraries.
[2021-12-20 22:03:53] [INFO] Lua Modchart integration is enabled, adding libraries.
[2021-12-20 22:03:53] [INFO] NOTICE: Including assets alongside executable...
[2021-12-20 22:03:53] [INFO] NOTICE: Including default weeks...
[2021-12-20 22:03:57] [INFO] Platform is Windows
[2021-12-20 22:03:57] [INFO] Architecture is x64
[2021-12-20 22:03:57] [INFO] Output directory is export/debug/vanilla/x64
[2021-12-20 22:03:57] [INFO] Discord integration is enabled, adding libraries.
[2021-12-20 22:03:57] [INFO] WEBM integration is enabled, adding DESKTOP libraries.
[2021-12-20 22:03:57] [INFO] Lua Modchart integration is enabled, adding libraries.
[2021-12-20 22:03:57] [INFO] NOTICE: Including assets alongside executable...
[2021-12-20 22:03:57] [INFO] NOTICE: Including default weeks...
[2021-12-20 22:07:15] [INFO] Platform is Windows
[2021-12-20 22:07:15] [INFO] Architecture is x64
[2021-12-20 22:07:15] [INFO] Output directory is export/debug/vanilla/x64
[2021-12-20 22:07:15] [INFO] Discord integration is enabled, adding libraries.
[2021-12-20 22:07:15] [INFO] WEBM integration is enabled, adding DESKTOP libraries.
[2021-12-20 22:07:15] [INFO] Lua Modchart integration is enabled, adding libraries.
[2021-12-20 22:07:15] [INFO] NOTICE: Including assets alongside executable...
[2021-12-20 22:07:15] [INFO] NOTICE: Including default weeks...
[2021-12-20 22:08:23] [INFO] Platform is Windows
[2021-12-20 22:08:23] [INFO] Architecture is x64
[2021-12-20 22:08:23] [INFO] Output directory is export/debug/vanilla/x64
[2021-12-20 22:08:23] [INFO] Discord integration is enabled, adding libraries.
[2021-12-20 22:08:23] [INFO] WEBM integration is enabled, adding DESKTOP libraries.
[2021-12-20 22:08:23] [INFO] Lua Modchart integration is enabled, adding libraries.
[2021-12-20 22:08:23] [INFO] NOTICE: Including assets alongside executable...
[2021-12-20 22:08:23] [INFO] NOTICE: Including default weeks...
[2021-12-20 22:08:30] [INFO] Platform is Windows
[2021-12-20 22:08:30] [INFO] Architecture is x64
[2021-12-20 22:08:30] [INFO] Output directory is export/debug/vanilla/x64
[2021-12-20 22:08:30] [INFO] Discord integration is enabled, adding libraries.
[2021-12-20 22:08:30] [INFO] WEBM integration is enabled, adding DESKTOP libraries.
[2021-12-20 22:08:30] [INFO] Lua Modchart integration is enabled, adding libraries.
[2021-12-20 22:08:30] [INFO] NOTICE: Including assets alongside executable...
[2021-12-20 22:08:30] [INFO] NOTICE: Including default weeks...
[2021-12-20 22:08:43] [INFO] Platform is Windows
[2021-12-20 22:08:43] [INFO] Architecture is x64
[2021-12-20 22:08:43] [INFO] Output directory is export/debug/vanilla/x64
[2021-12-20 22:08:43] [INFO] Discord integration is enabled, adding libraries.
[2021-12-20 22:08:43] [INFO] WEBM integration is enabled, adding DESKTOP libraries.
[2021-12-20 22:08:43] [INFO] Lua Modchart integration is enabled, adding libraries.
[2021-12-20 22:08:43] [INFO] NOTICE: Including assets alongside executable...
[2021-12-20 22:08:43] [INFO] NOTICE: Including default weeks...
[2021-12-20 22:08:48] [INFO] Platform is Windows
[2021-12-20 22:08:48] [INFO] Architecture is x64
[2021-12-20 22:08:48] [INFO] Output directory is export/debug/vanilla/x64
[2021-12-20 22:08:48] [INFO] Discord integration is enabled, adding libraries.
[2021-12-20 22:08:48] [INFO] WEBM integration is enabled, adding DESKTOP libraries.
[2021-12-20 22:08:48] [INFO] Lua Modchart integration is enabled, adding libraries.
[2021-12-20 22:08:48] [INFO] NOTICE: Including assets alongside executable...
[2021-12-20 22:08:48] [INFO] NOTICE: Including default weeks...
[2021-12-20 22:08:59] [INFO] Platform is Windows
[2021-12-20 22:08:59] [INFO] Architecture is x64
[2021-12-20 22:08:59] [INFO] Output directory is export/debug/vanilla/x64
[2021-12-20 22:08:59] [INFO] Discord integration is enabled, adding libraries.
[2021-12-20 22:08:59] [INFO] WEBM integration is enabled, adding DESKTOP libraries.
[2021-12-20 22:08:59] [INFO] Lua Modchart integration is enabled, adding libraries.
[2021-12-20 22:08:59] [INFO] NOTICE: Including assets alongside executable...
[2021-12-20 22:08:59] [INFO] NOTICE: Including default weeks...
[2021-12-20 22:09:03] [INFO] Platform is Windows
[2021-12-20 22:09:03] [INFO] Architecture is x64
[2021-12-20 22:09:03] [INFO] Output directory is export/debug/vanilla/x64
[2021-12-20 22:09:03] [INFO] Discord integration is enabled, adding libraries.
[2021-12-20 22:09:03] [INFO] WEBM integration is enabled, adding DESKTOP libraries.
[2021-12-20 22:09:03] [INFO] Lua Modchart integration is enabled, adding libraries.
[2021-12-20 22:09:03] [INFO] NOTICE: Including assets alongside executable...
[2021-12-20 22:09:03] [INFO] NOTICE: Including default weeks...
[2021-12-20 22:16:06] [INFO] Platform is Windows
[2021-12-20 22:16:06] [INFO] Architecture is x64
[2021-12-20 22:16:06] [INFO] Output directory is export/debug/vanilla/x64
[2021-12-20 22:16:06] [INFO] Discord integration is enabled, adding libraries.
[2021-12-20 22:16:06] [INFO] WEBM integration is enabled, adding DESKTOP libraries.
[2021-12-20 22:16:06] [INFO] Lua Modchart integration is enabled, adding libraries.
[2021-12-20 22:16:06] [INFO] NOTICE: Including assets alongside executable...
[2021-12-20 22:16:06] [INFO] NOTICE: Including default weeks...
[2021-12-20 22:16:11] [INFO] Platform is Windows
[2021-12-20 22:16:11] [INFO] Architecture is x64
[2021-12-20 22:16:11] [INFO] Output directory is export/debug/vanilla/x64
[2021-12-20 22:16:11] [INFO] Discord integration is enabled, adding libraries.
[2021-12-20 22:16:11] [INFO] WEBM integration is enabled, adding DESKTOP libraries.
[2021-12-20 22:16:11] [INFO] Lua Modchart integration is enabled, adding libraries.
[2021-12-20 22:16:11] [INFO] NOTICE: Including assets alongside executable...
[2021-12-20 22:16:11] [INFO] NOTICE: Including default weeks...
[2021-12-20 22:18:02] [INFO] Platform is Windows
[2021-12-20 22:18:02] [INFO] Architecture is x64
[2021-12-20 22:18:02] [INFO] Output directory is export/debug/vanilla/x64
[2021-12-20 22:18:02] [INFO] Discord integration is enabled, adding libraries.
[2021-12-20 22:18:02] [INFO] WEBM integration is enabled, adding DESKTOP libraries.
[2021-12-20 22:18:02] [INFO] Lua Modchart integration is enabled, adding libraries.
[2021-12-20 22:18:02] [INFO] NOTICE: Including assets alongside executable...
[2021-12-20 22:18:02] [INFO] NOTICE: Including default weeks...
[2021-12-20 22:18:08] [INFO] Platform is Windows
[2021-12-20 22:18:08] [INFO] Architecture is x64
[2021-12-20 22:18:08] [INFO] Output directory is export/debug/vanilla/x64
[2021-12-20 22:18:08] [INFO] Discord integration is enabled, adding libraries.
[2021-12-20 22:18:08] [INFO] WEBM integration is enabled, adding DESKTOP libraries.
[2021-12-20 22:18:08] [INFO] Lua Modchart integration is enabled, adding libraries.
[2021-12-20 22:18:08] [INFO] NOTICE: Including assets alongside executable...
[2021-12-20 22:18:08] [INFO] NOTICE: Including default weeks...
[2021-12-20 22:22:11] [INFO] Platform is Windows
[2021-12-20 22:22:11] [INFO] Architecture is x64
[2021-12-20 22:22:11] [INFO] Output directory is export/debug/vanilla/x64
[2021-12-20 22:22:11] [INFO] Discord integration is enabled, adding libraries.
[2021-12-20 22:22:11] [INFO] WEBM integration is enabled, adding DESKTOP libraries.
[2021-12-20 22:22:11] [INFO] Lua Modchart integration is enabled, adding libraries.
[2021-12-20 22:22:11] [INFO] NOTICE: Including assets alongside executable...
[2021-12-20 22:22:11] [INFO] NOTICE: Including default weeks...
[2021-12-20 22:22:16] [INFO] Platform is Windows
[2021-12-20 22:22:16] [INFO] Architecture is x64
[2021-12-20 22:22:16] [INFO] Output directory is export/debug/vanilla/x64
[2021-12-20 22:22:16] [INFO] Discord integration is enabled, adding libraries.
[2021-12-20 22:22:16] [INFO] WEBM integration is enabled, adding DESKTOP libraries.
[2021-12-20 22:22:16] [INFO] Lua Modchart integration is enabled, adding libraries.
[2021-12-20 22:22:16] [INFO] NOTICE: Including assets alongside executable...
[2021-12-20 22:22:16] [INFO] NOTICE: Including default weeks...
[2021-12-20 22:24:56] [INFO] Platform is Windows
[2021-12-20 22:24:56] [INFO] Architecture is x64
[2021-12-20 22:24:56] [INFO] Output directory is export/debug/vanilla/x64
[2021-12-20 22:24:56] [INFO] Discord integration is enabled, adding libraries.
[2021-12-20 22:24:56] [INFO] WEBM integration is enabled, adding DESKTOP libraries.
[2021-12-20 22:24:56] [INFO] Lua Modchart integration is enabled, adding libraries.
[2021-12-20 22:24:56] [INFO] NOTICE: Including assets alongside executable...
[2021-12-20 22:24:56] [INFO] NOTICE: Including default weeks...
[2021-12-20 22:25:01] [INFO] Platform is Windows
[2021-12-20 22:25:01] [INFO] Architecture is x64
[2021-12-20 22:25:01] [INFO] Output directory is export/debug/vanilla/x64
[2021-12-20 22:25:01] [INFO] Discord integration is enabled, adding libraries.
[2021-12-20 22:25:01] [INFO] WEBM integration is enabled, adding DESKTOP libraries.
[2021-12-20 22:25:01] [INFO] Lua Modchart integration is enabled, adding libraries.
[2021-12-20 22:25:01] [INFO] NOTICE: Including assets alongside executable...
[2021-12-20 22:25:01] [INFO] NOTICE: Including default weeks...
[2021-12-20 22:30:25] [INFO] Platform is Windows
[2021-12-20 22:30:25] [INFO] Architecture is x64
[2021-12-20 22:30:25] [INFO] Output directory is export/debug/vanilla/x64
[2021-12-20 22:30:25] [INFO] Discord integration is enabled, adding libraries.
[2021-12-20 22:30:25] [INFO] WEBM integration is enabled, adding DESKTOP libraries.
[2021-12-20 22:30:25] [INFO] Lua Modchart integration is enabled, adding libraries.
[2021-12-20 22:30:25] [INFO] NOTICE: Including assets alongside executable...
[2021-12-20 22:30:25] [INFO] NOTICE: Including default weeks...
[2021-12-20 22:30:30] [INFO] Platform is Windows
[2021-12-20 22:30:30] [INFO] Architecture is x64
[2021-12-20 22:30:30] [INFO] Output directory is export/debug/vanilla/x64
[2021-12-20 22:30:30] [INFO] Discord integration is enabled, adding libraries.
[2021-12-20 22:30:30] [INFO] WEBM integration is enabled, adding DESKTOP libraries.
[2021-12-20 22:30:30] [INFO] Lua Modchart integration is enabled, adding libraries.
[2021-12-20 22:30:30] [INFO] NOTICE: Including assets alongside executable...
[2021-12-20 22:30:30] [INFO] NOTICE: Including default weeks...
[2021-12-21 02:00:37] [INFO] Platform is Windows
[2021-12-21 02:00:37] [INFO] Architecture is x64
[2021-12-21 02:00:37] [INFO] Output directory is export/debug/vanilla/x64
[2021-12-21 02:00:37] [INFO] Discord integration is enabled, adding libraries.
[2021-12-21 02:00:37] [INFO] WEBM integration is enabled, adding DESKTOP libraries.
[2021-12-21 02:00:37] [INFO] Lua Modchart integration is enabled, adding libraries.
[2021-12-21 02:00:37] [INFO] NOTICE: Including assets alongside executable...
[2021-12-21 02:00:37] [INFO] NOTICE: Including default weeks...
[2021-12-21 02:00:45] [INFO] Platform is Windows
[2021-12-21 02:00:45] [INFO] Architecture is x64
[2021-12-21 02:00:45] [INFO] Output directory is export/debug/vanilla/x64
[2021-12-21 02:00:45] [INFO] Discord integration is enabled, adding libraries.
[2021-12-21 02:00:45] [INFO] WEBM integration is enabled, adding DESKTOP libraries.
[2021-12-21 02:00:45] [INFO] Lua Modchart integration is enabled, adding libraries.
[2021-12-21 02:00:45] [INFO] NOTICE: Including assets alongside executable...
[2021-12-21 02:00:45] [INFO] NOTICE: Including default weeks...
[2021-12-21 02:05:57] [INFO] Platform is Windows
[2021-12-21 02:05:57] [INFO] Architecture is x64
[2021-12-21 02:05:57] [INFO] Output directory is export/debug/vanilla/x64
[2021-12-21 02:05:57] [INFO] Discord integration is enabled, adding libraries.
[2021-12-21 02:05:57] [INFO] WEBM integration is enabled, adding DESKTOP libraries.
[2021-12-21 02:05:57] [INFO] Lua Modchart integration is enabled, adding libraries.
[2021-12-21 02:05:57] [INFO] NOTICE: Including assets alongside executable...
[2021-12-21 02:05:57] [INFO] NOTICE: Including default weeks...
[2021-12-21 02:06:02] [INFO] Platform is Windows
[2021-12-21 02:06:02] [INFO] Architecture is x64
[2021-12-21 02:06:02] [INFO] Output directory is export/debug/vanilla/x64
[2021-12-21 02:06:02] [INFO] Discord integration is enabled, adding libraries.
[2021-12-21 02:06:02] [INFO] WEBM integration is enabled, adding DESKTOP libraries.
[2021-12-21 02:06:02] [INFO] Lua Modchart integration is enabled, adding libraries.
[2021-12-21 02:06:02] [INFO] NOTICE: Including assets alongside executable...
[2021-12-21 02:06:02] [INFO] NOTICE: Including default weeks...
[2021-12-21 02:07:44] [INFO] Platform is Windows
[2021-12-21 02:07:44] [INFO] Architecture is x64
[2021-12-21 02:07:44] [INFO] Output directory is export/debug/vanilla/x64
[2021-12-21 02:07:44] [INFO] Discord integration is enabled, adding libraries.
[2021-12-21 02:07:44] [INFO] WEBM integration is enabled, adding DESKTOP libraries.
[2021-12-21 02:07:44] [INFO] Lua Modchart integration is enabled, adding libraries.
[2021-12-21 02:07:44] [INFO] NOTICE: Including assets alongside executable...
[2021-12-21 02:07:44] [INFO] NOTICE: Including default weeks...
[2021-12-21 02:07:46] [INFO] Platform is Windows
[2021-12-21 02:07:46] [INFO] Architecture is x64
[2021-12-21 02:07:46] [INFO] Output directory is export/debug/vanilla/x64
[2021-12-21 02:07:46] [INFO] Discord integration is enabled, adding libraries.
[2021-12-21 02:07:46] [INFO] WEBM integration is enabled, adding DESKTOP libraries.
[2021-12-21 02:07:46] [INFO] Lua Modchart integration is enabled, adding libraries.
[2021-12-21 02:07:46] [INFO] NOTICE: Including assets alongside executable...
[2021-12-21 02:07:46] [INFO] NOTICE: Including default weeks...
[2021-12-21 16:56:25] [INFO] Platform is Windows
[2021-12-21 16:56:25] [INFO] Architecture is x64
[2021-12-21 16:56:25] [INFO] Output directory is export/debug/vanilla/x64
[2021-12-21 16:56:25] [INFO] Discord integration is enabled, adding libraries.
[2021-12-21 16:56:25] [INFO] WEBM integration is enabled, adding DESKTOP libraries.
[2021-12-21 16:56:25] [INFO] Lua Modchart integration is enabled, adding libraries.
[2021-12-21 16:56:25] [INFO] NOTICE: Including assets alongside executable...
[2021-12-21 16:56:25] [INFO] NOTICE: Including default weeks...
[2021-12-21 16:56:39] [INFO] Platform is Windows
[2021-12-21 16:56:39] [INFO] Architecture is x64
[2021-12-21 16:56:39] [INFO] Output directory is export/debug/vanilla/x64
[2021-12-21 16:56:39] [INFO] Discord integration is enabled, adding libraries.
[2021-12-21 16:56:39] [INFO] WEBM integration is enabled, adding DESKTOP libraries.
[2021-12-21 16:56:39] [INFO] Lua Modchart integration is enabled, adding libraries.
[2021-12-21 16:56:39] [INFO] NOTICE: Including assets alongside executable...
[2021-12-21 16:56:39] [INFO] NOTICE: Including default weeks...
[2021-12-21 17:11:26] [INFO] Platform is Windows
[2021-12-21 17:11:26] [INFO] Architecture is x64
[2021-12-21 17:11:26] [INFO] Output directory is export/debug/vanilla/x64
[2021-12-21 17:11:26] [INFO] Discord integration is enabled, adding libraries.
[2021-12-21 17:11:26] [INFO] WEBM integration is enabled, adding DESKTOP libraries.
[2021-12-21 17:11:26] [INFO] Lua Modchart integration is enabled, adding libraries.
[2021-12-21 17:11:26] [INFO] NOTICE: Including assets alongside executable...
[2021-12-21 17:11:26] [INFO] NOTICE: Including default weeks...
[2021-12-21 17:46:32] [INFO] Platform is Windows
[2021-12-21 17:46:32] [INFO] Architecture is x64
[2021-12-21 17:46:32] [INFO] Output directory is export/debug/vanilla/x64
[2021-12-21 17:46:32] [INFO] Discord integration is enabled, adding libraries.
[2021-12-21 17:46:32] [INFO] WEBM integration is enabled, adding DESKTOP libraries.
[2021-12-21 17:46:32] [INFO] Lua Modchart integration is enabled, adding libraries.
[2021-12-21 17:46:32] [INFO] NOTICE: Including assets alongside executable...
[2021-12-21 17:46:32] [INFO] NOTICE: Including default weeks...
[2021-12-21 17:46:43] [INFO] Platform is Windows
[2021-12-21 17:46:43] [INFO] Architecture is x64
[2021-12-21 17:46:43] [INFO] Output directory is export/debug/vanilla/x64
[2021-12-21 17:46:43] [INFO] Discord integration is enabled, adding libraries.
[2021-12-21 17:46:43] [INFO] WEBM integration is enabled, adding DESKTOP libraries.
[2021-12-21 17:46:43] [INFO] Lua Modchart integration is enabled, adding libraries.
[2021-12-21 17:46:43] [INFO] NOTICE: Including assets alongside executable...
[2021-12-21 17:46:43] [INFO] NOTICE: Including default weeks...
[2021-12-21 17:51:18] [INFO] Platform is Windows
[2021-12-21 17:51:18] [INFO] Architecture is x64
[2021-12-21 17:51:18] [INFO] Output directory is export/debug/vanilla/x64
[2021-12-21 17:51:18] [INFO] Discord integration is enabled, adding libraries.
[2021-12-21 17:51:18] [INFO] WEBM integration is enabled, adding DESKTOP libraries.
[2021-12-21 17:51:18] [INFO] Lua Modchart integration is enabled, adding libraries.
[2021-12-21 17:51:18] [INFO] NOTICE: Including assets alongside executable...
[2021-12-21 17:51:18] [INFO] NOTICE: Including default weeks...
[2021-12-21 17:51:26] [INFO] Platform is Windows
[2021-12-21 17:51:26] [INFO] Architecture is x64
[2021-12-21 17:51:26] [INFO] Output directory is export/debug/vanilla/x64
[2021-12-21 17:51:26] [INFO] Discord integration is enabled, adding libraries.
[2021-12-21 17:51:26] [INFO] WEBM integration is enabled, adding DESKTOP libraries.
[2021-12-21 17:51:26] [INFO] Lua Modchart integration is enabled, adding libraries.
[2021-12-21 17:51:26] [INFO] NOTICE: Including assets alongside executable...
[2021-12-21 17:51:26] [INFO] NOTICE: Including default weeks...
[2021-12-21 17:54:19] [INFO] Platform is Windows
[2021-12-21 17:54:19] [INFO] Architecture is x64
[2021-12-21 17:54:19] [INFO] Output directory is export/debug/vanilla/x64
[2021-12-21 17:54:19] [INFO] Discord integration is enabled, adding libraries.
[2021-12-21 17:54:19] [INFO] WEBM integration is enabled, adding DESKTOP libraries.
[2021-12-21 17:54:19] [INFO] Lua Modchart integration is enabled, adding libraries.
[2021-12-21 17:54:19] [INFO] NOTICE: Including assets alongside executable...
[2021-12-21 17:54:19] [INFO] NOTICE: Including default weeks...
[2021-12-21 17:54:36] [INFO] Platform is Windows
[2021-12-21 17:54:36] [INFO] Architecture is x64
[2021-12-21 17:54:36] [INFO] Output directory is export/debug/vanilla/x64
[2021-12-21 17:54:36] [INFO] Discord integration is enabled, adding libraries.
[2021-12-21 17:54:36] [INFO] WEBM integration is enabled, adding DESKTOP libraries.
[2021-12-21 17:54:36] [INFO] Lua Modchart integration is enabled, adding libraries.
[2021-12-21 17:54:36] [INFO] NOTICE: Including assets alongside executable...
[2021-12-21 17:54:36] [INFO] NOTICE: Including default weeks...
[2021-12-21 18:05:44] [INFO] Platform is Windows
[2021-12-21 18:05:44] [INFO] Architecture is x64
[2021-12-21 18:05:44] [INFO] Output directory is export/debug/vanilla/x64
[2021-12-21 18:05:44] [INFO] Discord integration is enabled, adding libraries.
[2021-12-21 18:05:44] [INFO] WEBM integration is enabled, adding DESKTOP libraries.
[2021-12-21 18:05:44] [INFO] Lua Modchart integration is enabled, adding libraries.
[2021-12-21 18:05:44] [INFO] NOTICE: Including assets alongside executable...
[2021-12-21 18:05:44] [INFO] NOTICE: Including default weeks...
[2021-12-21 18:13:43] [INFO] Platform is Windows
[2021-12-21 18:13:43] [INFO] Architecture is x64
[2021-12-21 18:13:43] [INFO] Output directory is export/debug/vanilla/x64
[2021-12-21 18:13:43] [INFO] Discord integration is enabled, adding libraries.
[2021-12-21 18:13:43] [INFO] WEBM integration is enabled, adding DESKTOP libraries.
[2021-12-21 18:13:43] [INFO] Lua Modchart integration is enabled, adding libraries.
[2021-12-21 18:13:43] [INFO] NOTICE: Including assets alongside executable...
[2021-12-21 18:13:43] [INFO] NOTICE: Including default weeks...
[2021-12-21 18:13:59] [INFO] Platform is Windows
[2021-12-21 18:13:59] [INFO] Architecture is x64
[2021-12-21 18:13:59] [INFO] Output directory is export/debug/vanilla/x64
[2021-12-21 18:13:59] [INFO] Discord integration is enabled, adding libraries.
[2021-12-21 18:13:59] [INFO] WEBM integration is enabled, adding DESKTOP libraries.
[2021-12-21 18:13:59] [INFO] Lua Modchart integration is enabled, adding libraries.
[2021-12-21 18:13:59] [INFO] NOTICE: Including assets alongside executable...
[2021-12-21 18:13:59] [INFO] NOTICE: Including default weeks...
[2021-12-22 00:16:30] [INFO] Platform is Windows
[2021-12-22 00:16:30] [INFO] Architecture is x64
[2021-12-22 00:16:30] [INFO] Output directory is export/debug/vanilla/x64
[2021-12-22 00:16:30] [INFO] Discord integration is enabled, adding libraries.
[2021-12-22 00:16:30] [INFO] WEBM integration is enabled, adding DESKTOP libraries.
[2021-12-22 00:16:30] [INFO] Lua Modchart integration is enabled, adding libraries.
[2021-12-22 00:16:30] [INFO] NOTICE: Including assets alongside executable...
[2021-12-22 00:16:30] [INFO] NOTICE: Including default weeks...
[2021-12-22 00:16:49] [INFO] Platform is Windows
[2021-12-22 00:16:49] [INFO] Architecture is x64
[2021-12-22 00:16:49] [INFO] Output directory is export/debug/vanilla/x64
[2021-12-22 00:16:49] [INFO] Discord integration is enabled, adding libraries.
[2021-12-22 00:16:49] [INFO] WEBM integration is enabled, adding DESKTOP libraries.
[2021-12-22 00:16:49] [INFO] Lua Modchart integration is enabled, adding libraries.
[2021-12-22 00:16:49] [INFO] NOTICE: Including assets alongside executable...
[2021-12-22 00:16:49] [INFO] NOTICE: Including default weeks...
[2021-12-22 00:20:22] [INFO] Platform is Windows
[2021-12-22 00:20:22] [INFO] Architecture is x64
[2021-12-22 00:20:22] [INFO] Output directory is export/debug/vanilla/x64
[2021-12-22 00:20:22] [INFO] Discord integration is enabled, adding libraries.
[2021-12-22 00:20:22] [INFO] WEBM integration is enabled, adding DESKTOP libraries.
[2021-12-22 00:20:22] [INFO] Lua Modchart integration is enabled, adding libraries.
[2021-12-22 00:20:22] [INFO] NOTICE: Including assets alongside executable...
[2021-12-22 00:20:22] [INFO] NOTICE: Including default weeks...
[2021-12-22 00:35:08] [INFO] Platform is Windows
[2021-12-22 00:35:08] [INFO] Architecture is x64
[2021-12-22 00:35:08] [INFO] Output directory is export/debug/vanilla/x64
[2021-12-22 00:35:08] [INFO] Discord integration is enabled, adding libraries.
[2021-12-22 00:35:08] [INFO] WEBM integration is enabled, adding DESKTOP libraries.
[2021-12-22 00:35:08] [INFO] Lua Modchart integration is enabled, adding libraries.
[2021-12-22 00:35:08] [INFO] NOTICE: Including assets alongside executable...
[2021-12-22 00:35:08] [INFO] NOTICE: Including default weeks...
[2021-12-22 00:35:24] [INFO] Platform is Windows
[2021-12-22 00:35:24] [INFO] Architecture is x64
[2021-12-22 00:35:24] [INFO] Output directory is export/debug/vanilla/x64
[2021-12-22 00:35:24] [INFO] Discord integration is enabled, adding libraries.
[2021-12-22 00:35:24] [INFO] WEBM integration is enabled, adding DESKTOP libraries.
[2021-12-22 00:35:24] [INFO] Lua Modchart integration is enabled, adding libraries.
[2021-12-22 00:35:24] [INFO] NOTICE: Including assets alongside executable...
[2021-12-22 00:35:24] [INFO] NOTICE: Including default weeks...
[2021-12-22 00:37:45] [INFO] Platform is Windows
[2021-12-22 00:37:45] [INFO] Architecture is x64
[2021-12-22 00:37:45] [INFO] Output directory is export/debug/vanilla/x64
[2021-12-22 00:37:45] [INFO] Discord integration is enabled, adding libraries.
[2021-12-22 00:37:45] [INFO] WEBM integration is enabled, adding DESKTOP libraries.
[2021-12-22 00:37:45] [INFO] Lua Modchart integration is enabled, adding libraries.
[2021-12-22 00:37:45] [INFO] NOTICE: Including assets alongside executable...
[2021-12-22 00:37:45] [INFO] NOTICE: Including default weeks...
[2021-12-22 00:39:58] [INFO] Platform is Windows
[2021-12-22 00:39:58] [INFO] Architecture is x64
[2021-12-22 00:39:58] [INFO] Output directory is export/debug/vanilla/x64
[2021-12-22 00:39:58] [INFO] Discord integration is enabled, adding libraries.
[2021-12-22 00:39:58] [INFO] WEBM integration is enabled, adding DESKTOP libraries.
[2021-12-22 00:39:58] [INFO] Lua Modchart integration is enabled, adding libraries.
[2021-12-22 00:39:58] [INFO] NOTICE: Including assets alongside executable...
[2021-12-22 00:39:58] [INFO] NOTICE: Including default weeks...
[2021-12-22 00:40:13] [INFO] Platform is Windows
[2021-12-22 00:40:13] [INFO] Architecture is x64
[2021-12-22 00:40:13] [INFO] Output directory is export/debug/vanilla/x64
[2021-12-22 00:40:13] [INFO] Discord integration is enabled, adding libraries.
[2021-12-22 00:40:13] [INFO] WEBM integration is enabled, adding DESKTOP libraries.
[2021-12-22 00:40:13] [INFO] Lua Modchart integration is enabled, adding libraries.
[2021-12-22 00:40:13] [INFO] NOTICE: Including assets alongside executable...
[2021-12-22 00:40:13] [INFO] NOTICE: Including default weeks...
[2021-12-22 00:55:19] [INFO] Platform is Windows
[2021-12-22 00:55:19] [INFO] Architecture is x64
[2021-12-22 00:55:19] [INFO] Output directory is export/debug/vanilla/x64
[2021-12-22 00:55:19] [INFO] Discord integration is enabled, adding libraries.
[2021-12-22 00:55:19] [INFO] WEBM integration is enabled, adding DESKTOP libraries.
[2021-12-22 00:55:19] [INFO] Lua Modchart integration is enabled, adding libraries.
[2021-12-22 00:55:19] [INFO] NOTICE: Including assets alongside executable...
[2021-12-22 00:55:19] [INFO] NOTICE: Including default weeks...
[2021-12-22 00:58:17] [INFO] Platform is Windows
[2021-12-22 00:58:17] [INFO] Architecture is x64
[2021-12-22 00:58:17] [INFO] Output directory is export/debug/vanilla/x64
[2021-12-22 00:58:17] [INFO] Discord integration is enabled, adding libraries.
[2021-12-22 00:58:17] [INFO] WEBM integration is enabled, adding DESKTOP libraries.
[2021-12-22 00:58:17] [INFO] Lua Modchart integration is enabled, adding libraries.
[2021-12-22 00:58:17] [INFO] NOTICE: Including assets alongside executable...
[2021-12-22 00:58:17] [INFO] NOTICE: Including default weeks...
[2021-12-22 00:58:25] [INFO] Platform is Windows
[2021-12-22 00:58:25] [INFO] Architecture is x64
[2021-12-22 00:58:25] [INFO] Output directory is export/debug/vanilla/x64
[2021-12-22 00:58:25] [INFO] Discord integration is enabled, adding libraries.
[2021-12-22 00:58:25] [INFO] WEBM integration is enabled, adding DESKTOP libraries.
[2021-12-22 00:58:25] [INFO] Lua Modchart integration is enabled, adding libraries.
[2021-12-22 00:58:25] [INFO] NOTICE: Including assets alongside executable...
[2021-12-22 00:58:25] [INFO] NOTICE: Including default weeks...
[2021-12-22 01:02:27] [INFO] Platform is Windows
[2021-12-22 01:02:27] [INFO] Architecture is x64
[2021-12-22 01:02:27] [INFO] Output directory is export/debug/vanilla/x64
[2021-12-22 01:02:27] [INFO] Discord integration is enabled, adding libraries.
[2021-12-22 01:02:27] [INFO] WEBM integration is enabled, adding DESKTOP libraries.
[2021-12-22 01:02:27] [INFO] Lua Modchart integration is enabled, adding libraries.
[2021-12-22 01:02:27] [INFO] NOTICE: Including assets alongside executable...
[2021-12-22 01:02:27] [INFO] NOTICE: Including default weeks...
[2021-12-22 01:03:33] [INFO] Platform is Windows
[2021-12-22 01:03:33] [INFO] Architecture is x64
[2021-12-22 01:03:33] [INFO] Output directory is export/debug/vanilla/x64
[2021-12-22 01:03:33] [INFO] Discord integration is enabled, adding libraries.
[2021-12-22 01:03:33] [INFO] WEBM integration is enabled, adding DESKTOP libraries.
[2021-12-22 01:03:33] [INFO] Lua Modchart integration is enabled, adding libraries.
[2021-12-22 01:03:33] [INFO] NOTICE: Including assets alongside executable...
[2021-12-22 01:03:33] [INFO] NOTICE: Including default weeks...
[2021-12-22 01:03:40] [INFO] Platform is Windows
[2021-12-22 01:03:40] [INFO] Architecture is x64
[2021-12-22 01:03:40] [INFO] Output directory is export/debug/vanilla/x64
[2021-12-22 01:03:40] [INFO] Discord integration is enabled, adding libraries.
[2021-12-22 01:03:40] [INFO] WEBM integration is enabled, adding DESKTOP libraries.
[2021-12-22 01:03:40] [INFO] Lua Modchart integration is enabled, adding libraries.
[2021-12-22 01:03:40] [INFO] NOTICE: Including assets alongside executable...
[2021-12-22 01:03:40] [INFO] NOTICE: Including default weeks...
[2021-12-22 01:04:38] [INFO] Platform is Windows
[2021-12-22 01:04:38] [INFO] Architecture is x64
[2021-12-22 01:04:38] [INFO] Output directory is export/debug/vanilla/x64
[2021-12-22 01:04:38] [INFO] Discord integration is enabled, adding libraries.
[2021-12-22 01:04:38] [INFO] WEBM integration is enabled, adding DESKTOP libraries.
[2021-12-22 01:04:38] [INFO] Lua Modchart integration is enabled, adding libraries.
[2021-12-22 01:04:38] [INFO] NOTICE: Including assets alongside executable...
[2021-12-22 01:04:38] [INFO] NOTICE: Including default weeks...
[2021-12-22 01:04:53] [INFO] Platform is Windows
[2021-12-22 01:04:53] [INFO] Architecture is x64
[2021-12-22 01:04:53] [INFO] Output directory is export/debug/vanilla/x64
[2021-12-22 01:04:53] [INFO] Discord integration is enabled, adding libraries.
[2021-12-22 01:04:53] [INFO] WEBM integration is enabled, adding DESKTOP libraries.
[2021-12-22 01:04:53] [INFO] Lua Modchart integration is enabled, adding libraries.
[2021-12-22 01:04:53] [INFO] NOTICE: Including assets alongside executable...
[2021-12-22 01:04:53] [INFO] NOTICE: Including default weeks...
[2021-12-22 01:09:53] [INFO] Platform is Windows
[2021-12-22 01:09:53] [INFO] Architecture is x64
[2021-12-22 01:09:53] [INFO] Output directory is export/debug/vanilla/x64
[2021-12-22 01:09:53] [INFO] Discord integration is enabled, adding libraries.
[2021-12-22 01:09:53] [INFO] WEBM integration is enabled, adding DESKTOP libraries.
[2021-12-22 01:09:53] [INFO] Lua Modchart integration is enabled, adding libraries.
[2021-12-22 01:09:53] [INFO] NOTICE: Including assets alongside executable...
[2021-12-22 01:09:53] [INFO] NOTICE: Including default weeks...
[2021-12-22 01:09:57] [INFO] Platform is Windows
[2021-12-22 01:09:57] [INFO] Architecture is x64
[2021-12-22 01:09:57] [INFO] Output directory is export/debug/vanilla/x64
[2021-12-22 01:09:57] [INFO] Discord integration is enabled, adding libraries.
[2021-12-22 01:09:57] [INFO] WEBM integration is enabled, adding DESKTOP libraries.
[2021-12-22 01:09:57] [INFO] Lua Modchart integration is enabled, adding libraries.
[2021-12-22 01:09:57] [INFO] NOTICE: Including assets alongside executable...
[2021-12-22 01:09:57] [INFO] NOTICE: Including default weeks...
[2021-12-22 01:10:09] [INFO] Platform is Windows
[2021-12-22 01:10:09] [INFO] Architecture is x64
[2021-12-22 01:10:09] [INFO] Output directory is export/debug/vanilla/x64
[2021-12-22 01:10:09] [INFO] Discord integration is enabled, adding libraries.
[2021-12-22 01:10:09] [INFO] WEBM integration is enabled, adding DESKTOP libraries.
[2021-12-22 01:10:09] [INFO] Lua Modchart integration is enabled, adding libraries.
[2021-12-22 01:10:09] [INFO] NOTICE: Including assets alongside executable...
[2021-12-22 01:10:09] [INFO] NOTICE: Including default weeks...
[2021-12-22 01:17:32] [INFO] Platform is Windows
[2021-12-22 01:17:32] [INFO] Architecture is x64
[2021-12-22 01:17:32] [INFO] Output directory is export/debug/vanilla/x64
[2021-12-22 01:17:32] [INFO] Discord integration is enabled, adding libraries.
[2021-12-22 01:17:32] [INFO] WEBM integration is enabled, adding DESKTOP libraries.
[2021-12-22 01:17:32] [INFO] Lua Modchart integration is enabled, adding libraries.
[2021-12-22 01:17:32] [INFO] NOTICE: Including assets alongside executable...
[2021-12-22 01:17:32] [INFO] NOTICE: Including default weeks...
[2021-12-22 01:18:54] [INFO] Platform is Windows
[2021-12-22 01:18:54] [INFO] Architecture is x64
[2021-12-22 01:18:54] [INFO] Output directory is export/debug/vanilla/x64
[2021-12-22 01:18:54] [INFO] Discord integration is enabled, adding libraries.
[2021-12-22 01:18:54] [INFO] WEBM integration is enabled, adding DESKTOP libraries.
[2021-12-22 01:18:54] [INFO] Lua Modchart integration is enabled, adding libraries.
[2021-12-22 01:18:54] [INFO] NOTICE: Including assets alongside executable...
[2021-12-22 01:18:54] [INFO] NOTICE: Including default weeks...
[2021-12-22 01:23:07] [INFO] Platform is Windows
[2021-12-22 01:23:07] [INFO] Architecture is x64
[2021-12-22 01:23:07] [INFO] Output directory is export/debug/vanilla/x64
[2021-12-22 01:23:07] [INFO] Discord integration is enabled, adding libraries.
[2021-12-22 01:23:07] [INFO] WEBM integration is enabled, adding DESKTOP libraries.
[2021-12-22 01:23:07] [INFO] Lua Modchart integration is enabled, adding libraries.
[2021-12-22 01:23:07] [INFO] NOTICE: Including assets alongside executable...
[2021-12-22 01:23:07] [INFO] NOTICE: Including default weeks...
[2021-12-22 01:44:19] [INFO] Platform is Windows
[2021-12-22 01:44:19] [INFO] Architecture is x64
[2021-12-22 01:44:19] [INFO] Output directory is export/debug/vanilla/x64
[2021-12-22 01:44:19] [INFO] Discord integration is enabled, adding libraries.
[2021-12-22 01:44:19] [INFO] WEBM integration is enabled, adding DESKTOP libraries.
[2021-12-22 01:44:19] [INFO] Lua Modchart integration is enabled, adding libraries.
[2021-12-22 01:44:19] [INFO] NOTICE: Including assets alongside executable...
[2021-12-22 01:44:19] [INFO] NOTICE: Including default weeks...
[2021-12-22 01:49:28] [INFO] Platform is Windows
[2021-12-22 01:49:28] [INFO] Architecture is x64
[2021-12-22 01:49:28] [INFO] Output directory is export/debug/vanilla/x64
[2021-12-22 01:49:28] [INFO] Discord integration is enabled, adding libraries.
[2021-12-22 01:49:28] [INFO] WEBM integration is enabled, adding DESKTOP libraries.
[2021-12-22 01:49:28] [INFO] Lua Modchart integration is enabled, adding libraries.
[2021-12-22 01:49:28] [INFO] NOTICE: Including assets alongside executable...
[2021-12-22 01:49:28] [INFO] NOTICE: Including default weeks...
[2021-12-22 01:49:46] [INFO] Platform is Windows
[2021-12-22 01:49:46] [INFO] Architecture is x64
[2021-12-22 01:49:46] [INFO] Output directory is export/debug/vanilla/x64
[2021-12-22 01:49:46] [INFO] Discord integration is enabled, adding libraries.
[2021-12-22 01:49:46] [INFO] WEBM integration is enabled, adding DESKTOP libraries.
[2021-12-22 01:49:46] [INFO] Lua Modchart integration is enabled, adding libraries.
[2021-12-22 01:49:46] [INFO] NOTICE: Including assets alongside executable...
[2021-12-22 01:49:46] [INFO] NOTICE: Including default weeks...
